<?xml version="1.0" encoding="UTF-8"?>
<!-- Generated by org.testng.reporters.JUnitReportReporter -->
<testsuite hostname="Aqib-Mehmood" failures="0" tests="4" name="com.sonarwallet.qa.testcases.DashboardTest" time="75.250" errors="0" timestamp="2023-03-16T17:46:18 PKT" skipped="1">
  <testcase classname="com.sonarwallet.qa.testcases.DashboardTest" name="TestCase10" time="19.449">
    <skipped/>
  </testcase> <!-- TestCase10 -->
  <system-out/>
  <testcase classname="com.sonarwallet.qa.testcases.DashboardTest" name="TestCase26" time="19.682"/>
  <system-out/>
  <testcase classname="com.sonarwallet.qa.testcases.DashboardTest" name="TestCase10" time="19.897"/>
  <system-out/>
  <testcase classname="com.sonarwallet.qa.testcases.DashboardTest" name="TestCase09" time="16.222"/>
  <system-out/>
</testsuite> <!-- com.sonarwallet.qa.testcases.DashboardTest -->
