<?xml version="1.0" encoding="UTF-8"?>
<!-- Generated by org.testng.reporters.JUnitReportReporter -->
<testsuite hostname="Aqib-Mehmood" failures="0" tests="2" name="com.sonarwallet.qa.testcases.ImportWalletTest" time="29.669" errors="0" timestamp="2023-03-16T17:46:18 PKT" skipped="0">
  <testcase classname="com.sonarwallet.qa.testcases.ImportWalletTest" name="TestCase6" time="12.855"/>
  <system-out/>
  <testcase classname="com.sonarwallet.qa.testcases.ImportWalletTest" name="TestCase5" time="16.814"/>
  <system-out/>
</testsuite> <!-- com.sonarwallet.qa.testcases.ImportWalletTest -->
