<?xml version="1.0" encoding="UTF-8"?>
<!-- Generated by org.testng.reporters.JUnitReportReporter -->
<testsuite hostname="Aqib-Mehmood" failures="0" tests="4" name="com.sonarwallet.qa.testcases.SendTest" time="198.749" errors="0" timestamp="2023-03-16T17:46:18 PKT" skipped="0">
  <testcase classname="com.sonarwallet.qa.testcases.SendTest" name="TestCase19" time="58.999"/>
  <system-out/>
  <testcase classname="com.sonarwallet.qa.testcases.SendTest" name="TestCase39" time="43.427"/>
  <system-out/>
  <testcase classname="com.sonarwallet.qa.testcases.SendTest" name="TestCase18" time="43.396"/>
  <system-out/>
  <testcase classname="com.sonarwallet.qa.testcases.SendTest" name="TestCase40" time="52.927"/>
  <system-out/>
</testsuite> <!-- com.sonarwallet.qa.testcases.SendTest -->
