<?xml version="1.0" encoding="UTF-8"?>
<!-- Generated by org.testng.reporters.JUnitReportReporter -->
<testsuite hostname="Aqib-Mehmood" failures="0" tests="1" name="com.sonarwallet.qa.testcases.SwapTest" time="120.890" errors="0" timestamp="2023-03-15T13:21:47 PKT" skipped="0">
  <testcase classname="com.sonarwallet.qa.testcases.SwapTest" name="bscPING_BNB" time="120.890"/>
  <system-out/>
</testsuite> <!-- com.sonarwallet.qa.testcases.SwapTest -->
