<?xml version="1.0" encoding="UTF-8"?>
<!-- Generated by org.testng.reporters.JUnitReportReporter -->
<testsuite hostname="Aqib-Mehmood" failures="0" tests="3" name="com.sonarwallet.qa.testcases.CreateNewWalletTest" time="153.429" errors="0" timestamp="2023-03-16T17:46:18 PKT" skipped="1">
  <testcase classname="com.sonarwallet.qa.testcases.CreateNewWalletTest" name="CreateNewWalletHappyFlow" time="90.863">
    <skipped/>
  </testcase> <!-- CreateNewWalletHappyFlow -->
  <system-out/>
  <testcase classname="com.sonarwallet.qa.testcases.CreateNewWalletTest" name="CreateNewWalletHappyFlow" time="30.965"/>
  <system-out/>
  <testcase classname="com.sonarwallet.qa.testcases.CreateNewWalletTest" name="TestCase38" time="31.601"/>
  <system-out/>
</testsuite> <!-- com.sonarwallet.qa.testcases.CreateNewWalletTest -->
