<?xml version="1.0" encoding="UTF-8"?>
<!-- Generated by org.testng.reporters.JUnitReportReporter -->
<testsuite hostname="Aqib-Mehmood" failures="0" tests="7" name="com.sonarwallet.qa.testcases.CreateWalletTest" time="141.725" errors="0" timestamp="2023-03-16T17:46:18 PKT" skipped="1">
  <testcase classname="com.sonarwallet.qa.testcases.CreateWalletTest" name="TestCase3" time="17.293"/>
  <system-out/>
  <testcase classname="com.sonarwallet.qa.testcases.CreateWalletTest" name="TestCase4" time="73.036">
    <skipped/>
  </testcase> <!-- TestCase4 -->
  <system-out/>
  <testcase classname="com.sonarwallet.qa.testcases.CreateWalletTest" name="TestCase1" time="10.831"/>
  <system-out/>
  <testcase classname="com.sonarwallet.qa.testcases.CreateWalletTest" name="TestCase2_3" time="8.831"/>
  <system-out/>
  <testcase classname="com.sonarwallet.qa.testcases.CreateWalletTest" name="TestCase4" time="14.927"/>
  <system-out/>
  <testcase classname="com.sonarwallet.qa.testcases.CreateWalletTest" name="TestCase2_2" time="8.660"/>
  <system-out/>
  <testcase classname="com.sonarwallet.qa.testcases.CreateWalletTest" name="TestCase2_1" time="8.147"/>
  <system-out/>
</testsuite> <!-- com.sonarwallet.qa.testcases.CreateWalletTest -->
