<?xml version="1.0" encoding="UTF-8"?>
<!-- Generated by org.testng.reporters.JUnitReportReporter -->
<testsuite hostname="Aqib-Mehmood" failures="0" tests="1" name="com.sonarwallet.qa.testcases.SettingTest" time="18.688" errors="0" timestamp="2023-03-16T17:46:18 PKT" skipped="0">
  <testcase classname="com.sonarwallet.qa.testcases.SettingTest" name="TestCase27" time="18.688"/>
  <system-out/>
</testsuite> <!-- com.sonarwallet.qa.testcases.SettingTest -->
