<?xml version="1.0" encoding="UTF-8"?>
<!-- Generated by org.testng.reporters.JUnitReportReporter -->
<testsuite hostname="Aqib-Mehmood" failures="0" tests="10" name="com.sonarwallet.qa.testcases.ManageWalletTest" time="227.703" errors="0" timestamp="2023-03-16T17:46:18 PKT" skipped="0">
  <testcase classname="com.sonarwallet.qa.testcases.ManageWalletTest" name="TestCase31" time="19.787"/>
  <system-out/>
  <testcase classname="com.sonarwallet.qa.testcases.ManageWalletTest" name="TestCase36" time="22.224"/>
  <system-out/>
  <testcase classname="com.sonarwallet.qa.testcases.ManageWalletTest" name="TestCase32" time="19.755"/>
  <system-out/>
  <testcase classname="com.sonarwallet.qa.testcases.ManageWalletTest" name="TestCase33" time="20.968"/>
  <system-out/>
  <testcase classname="com.sonarwallet.qa.testcases.ManageWalletTest" name="TestCase29" time="20.434"/>
  <system-out/>
  <testcase classname="com.sonarwallet.qa.testcases.ManageWalletTest" name="TestCase28" time="21.983"/>
  <system-out/>
  <testcase classname="com.sonarwallet.qa.testcases.ManageWalletTest" name="TestCase37" time="25.670"/>
  <system-out/>
  <testcase classname="com.sonarwallet.qa.testcases.ManageWalletTest" name="TestCase34" time="25.666"/>
  <system-out/>
  <testcase classname="com.sonarwallet.qa.testcases.ManageWalletTest" name="TestCase35" time="28.268"/>
  <system-out/>
  <testcase classname="com.sonarwallet.qa.testcases.ManageWalletTest" name="TestCase30" time="22.948"/>
  <system-out/>
</testsuite> <!-- com.sonarwallet.qa.testcases.ManageWalletTest -->
