<?xml version="1.0" encoding="UTF-8"?>
<!-- Generated by org.testng.reporters.JUnitReportReporter -->
<testsuite hostname="Aqib-Mehmood" failures="0" tests="3" name="com.sonarwallet.qa.testcases.EditTokenTest" time="247.989" errors="0" timestamp="2023-03-16T17:46:18 PKT" skipped="0">
  <testcase classname="com.sonarwallet.qa.testcases.EditTokenTest" name="TestCase16" time="116.419"/>
  <system-out/>
  <testcase classname="com.sonarwallet.qa.testcases.EditTokenTest" name="TestCase17_with_eth" time="62.646"/>
  <system-out/>
  <testcase classname="com.sonarwallet.qa.testcases.EditTokenTest" name="TestCase17_with_BnB" time="68.924"/>
  <system-out/>
</testsuite> <!-- com.sonarwallet.qa.testcases.EditTokenTest -->
