<?xml version="1.0" encoding="UTF-8"?>
<!-- Generated by org.testng.reporters.JUnitReportReporter -->
<testsuite hostname="Aqib-Mehmood" failures="0" tests="14" name="com.sonarwallet.qa.testcases.DirectSendTest" time="1263.973" errors="0" timestamp="2023-03-16T17:46:18 PKT" skipped="0">
  <testcase classname="com.sonarwallet.qa.testcases.DirectSendTest" name="TestCase20_2" time="116.320"/>
  <system-out/>
  <testcase classname="com.sonarwallet.qa.testcases.DirectSendTest" name="TestCase20_1" time="92.606"/>
  <system-out/>
  <testcase classname="com.sonarwallet.qa.testcases.DirectSendTest" name="TestCase20_8" time="83.458"/>
  <system-out/>
  <testcase classname="com.sonarwallet.qa.testcases.DirectSendTest" name="TestCase20_5" time="100.734"/>
  <system-out/>
  <testcase classname="com.sonarwallet.qa.testcases.DirectSendTest" name="TestCase20_3" time="99.077"/>
  <system-out/>
  <testcase classname="com.sonarwallet.qa.testcases.DirectSendTest" name="TestCase20_12" time="80.990"/>
  <system-out/>
  <testcase classname="com.sonarwallet.qa.testcases.DirectSendTest" name="TestCase20_9" time="67.394"/>
  <system-out/>
  <testcase classname="com.sonarwallet.qa.testcases.DirectSendTest" name="TestCase20_4" time="184.944"/>
  <system-out/>
  <testcase classname="com.sonarwallet.qa.testcases.DirectSendTest" name="TestCase20_11" time="70.203"/>
  <system-out/>
  <testcase classname="com.sonarwallet.qa.testcases.DirectSendTest" name="TestCase20_7" time="65.909"/>
  <system-out/>
  <testcase classname="com.sonarwallet.qa.testcases.DirectSendTest" name="TestCase11" time="44.458"/>
  <system-out/>
  <testcase classname="com.sonarwallet.qa.testcases.DirectSendTest" name="TestCase20_10" time="82.989"/>
  <system-out/>
  <testcase classname="com.sonarwallet.qa.testcases.DirectSendTest" name="TestCase20_6" time="110.632"/>
  <system-out/>
  <testcase classname="com.sonarwallet.qa.testcases.DirectSendTest" name="TestCase21" time="64.259"/>
  <system-out/>
</testsuite> <!-- com.sonarwallet.qa.testcases.DirectSendTest -->
